#
# There is insufficient memory for the Java Runtime Environment to continue.
# Native memory allocation (mmap) failed to map 1073741824 bytes for committing reserved memory.
# Possible reasons:
#   The system is out of physical RAM or swap space
#   In 32 bit mode, the process size limit was hit
# Possible solutions:
#   Reduce memory load on the system
#   Increase physical memory or swap space
#   Check if swap backing store is full
#   Use 64 bit Java on a 64 bit OS
#   Decrease Java heap size (-Xmx/-Xms)
#   Decrease number of Java threads
#   Decrease Java thread stack sizes (-Xss)
#   Set larger code cache with -XX:ReservedCodeCacheSize=
# This output file may be truncated or incomplete.
#
#  Out of Memory Error (os_linux.cpp:2630), pid=6310, tid=0x00007fc3e1f2f700
#
# JRE version:  (8.0_111-b14) (build )
# Java VM: OpenJDK 64-Bit Server VM (25.111-b14 mixed mode linux-amd64 compressed oops)
# Failed to write core dump. Core dumps have been disabled. To enable core dumping, try "ulimit -c unlimited" before starting Java again
#

---------------  T H R E A D  ---------------

Current thread (0x00007fc3d800f800):  JavaThread "Unknown thread" [_thread_in_vm, id=6586, stack(0x00007fc3e1e2f000,0x00007fc3e1f30000)]

Stack: [0x00007fc3e1e2f000,0x00007fc3e1f30000],  sp=0x00007fc3e1f2e460,  free space=1021k
Native frames: (J=compiled Java code, j=interpreted, Vv=VM code, C=native code)
V  [libjvm.so+0xa64d2b]
V  [libjvm.so+0x4c2dac]
V  [libjvm.so+0x8b3cbf]
V  [libjvm.so+0x8ae34c]
V  [libjvm.so+0x59195c]
V  [libjvm.so+0x591b1c]
V  [libjvm.so+0x5947e5]
V  [libjvm.so+0x5f8d96]
V  [libjvm.so+0x5f9d1d]
V  [libjvm.so+0x5fa1ba]
V  [libjvm.so+0x56cd1a]
V  [libjvm.so+0x575b25]
V  [libjvm.so+0xa286f9]
V  [libjvm.so+0xa28942]
V  [libjvm.so+0x60d6af]
V  [libjvm.so+0xa0dcea]
V  [libjvm.so+0x687952]  JNI_CreateJavaVM+0x62
C  [libjli.so+0x2f2e]
C  [libjli.so+0x73dd]
C  [libpthread.so.0+0x770a]  start_thread+0xca


---------------  P R O C E S S  ---------------

Java Threads: ( => current thread )

Other Threads:

=>0x00007fc3d800f800 (exited) JavaThread "Unknown thread" [_thread_in_vm, id=6586, stack(0x00007fc3e1e2f000,0x00007fc3e1f30000)]

VM state:not at safepoint (not fully initialized)

VM Mutex/Monitor currently owned by a thread:  ([mutex/lock_event])
[0x00007fc3d800bf40] Heap_lock - owner thread: 0x00007fc3d800f800

GC Heap History (0 events):
No events

Deoptimization events (0 events):
No events

Internal exceptions (0 events):
No events

Events (0 events):
No events


Dynamic libraries:
00400000-00401000 r-xp 00000000 08:02 674647                             /usr/lib/jvm/java-8-openjdk-amd64/jre/bin/java
00600000-00601000 r--p 00000000 08:02 674647                             /usr/lib/jvm/java-8-openjdk-amd64/jre/bin/java
00601000-00602000 rw-p 00001000 08:02 674647                             /usr/lib/jvm/java-8-openjdk-amd64/jre/bin/java
00f44000-00f65000 rw-p 00000000 00:00 0                                  [heap]
7fc394000000-7fc394021000 rw-p 00000000 00:00 0 
7fc394021000-7fc398000000 ---p 00000000 00:00 0 
7fc39c000000-7fc39c021000 rw-p 00000000 00:00 0 
7fc39c021000-7fc3a0000000 ---p 00000000 00:00 0 
7fc3a1000000-7fc3a3000000 rw-p 00000000 00:00 0 
7fc3a3000000-7fc3a4000000 ---p 00000000 00:00 0 
7fc3a4000000-7fc3a4021000 rw-p 00000000 00:00 0 
7fc3a4021000-7fc3a8000000 ---p 00000000 00:00 0 
7fc3a8000000-7fc3a8021000 rw-p 00000000 00:00 0 
7fc3a8021000-7fc3ac000000 ---p 00000000 00:00 0 
7fc3ac000000-7fc3ac021000 rw-p 00000000 00:00 0 
7fc3ac021000-7fc3b0000000 ---p 00000000 00:00 0 
7fc3b0000000-7fc3b0021000 rw-p 00000000 00:00 0 
7fc3b0021000-7fc3b4000000 ---p 00000000 00:00 0 
7fc3b4000000-7fc3b4021000 rw-p 00000000 00:00 0 
7fc3b4021000-7fc3b8000000 ---p 00000000 00:00 0 
7fc3b8000000-7fc3b8021000 rw-p 00000000 00:00 0 
7fc3b8021000-7fc3bc000000 ---p 00000000 00:00 0 
7fc3bc000000-7fc3bc021000 rw-p 00000000 00:00 0 
7fc3bc021000-7fc3c0000000 ---p 00000000 00:00 0 
7fc3c0000000-7fc3c0021000 rw-p 00000000 00:00 0 
7fc3c0021000-7fc3c4000000 ---p 00000000 00:00 0 
7fc3c4000000-7fc3c4021000 rw-p 00000000 00:00 0 
7fc3c4021000-7fc3c9000000 ---p 00000000 00:00 0 
7fc3c9000000-7fc3c9270000 rwxp 00000000 00:00 0 
7fc3c9270000-7fc3d8000000 ---p 00000000 00:00 0 
7fc3d8000000-7fc3d806e000 rw-p 00000000 00:00 0 
7fc3d806e000-7fc3dc000000 ---p 00000000 00:00 0 
7fc3dc96e000-7fc3dcdf4000 rw-p 00000000 00:00 0 
7fc3dcdf4000-7fc3dcdf5000 ---p 00000000 00:00 0 
7fc3dcdf5000-7fc3dcef5000 rw-p 00000000 00:00 0 
7fc3dcef5000-7fc3dcef6000 ---p 00000000 00:00 0 
7fc3dcef6000-7fc3dcff6000 rw-p 00000000 00:00 0 
7fc3dcff6000-7fc3dd7f6000 ---p 00000000 00:00 0 
7fc3dd7f6000-7fc3dd7f7000 ---p 00000000 00:00 0 
7fc3dd7f7000-7fc3dd8f7000 rw-p 00000000 00:00 0 
7fc3dd8f7000-7fc3dd8f8000 ---p 00000000 00:00 0 
7fc3dd8f8000-7fc3dd9f8000 rw-p 00000000 00:00 0 
7fc3dd9f8000-7fc3dd9f9000 ---p 00000000 00:00 0 
7fc3dd9f9000-7fc3ddaf9000 rw-p 00000000 00:00 0 
7fc3ddaf9000-7fc3ddafa000 ---p 00000000 00:00 0 
7fc3ddafa000-7fc3ddbfa000 rw-p 00000000 00:00 0 
7fc3ddbfa000-7fc3ddbfb000 ---p 00000000 00:00 0 
7fc3ddbfb000-7fc3de0ff000 rw-p 00000000 00:00 0 
7fc3de0ff000-7fc3de100000 ---p 00000000 00:00 0 
7fc3de100000-7fc3de200000 rw-p 00000000 00:00 0 
7fc3de200000-7fc3de201000 ---p 00000000 00:00 0 
7fc3de201000-7fc3de301000 rw-p 00000000 00:00 0 
7fc3de301000-7fc3de302000 ---p 00000000 00:00 0 
7fc3de302000-7fc3de402000 rw-p 00000000 00:00 0 
7fc3de402000-7fc3de403000 ---p 00000000 00:00 0 
7fc3de403000-7fc3de50d000 rw-p 00000000 00:00 0 
7fc3de50d000-7fc3de8c3000 ---p 00000000 00:00 0 
7fc3de8c3000-7fc3de8cb000 r-xp 00000000 08:02 655738                     /usr/lib/jvm/java-8-openjdk-amd64/jre/lib/amd64/libzip.so
7fc3de8cb000-7fc3deaca000 ---p 00008000 08:02 655738                     /usr/lib/jvm/java-8-openjdk-amd64/jre/lib/amd64/libzip.so
7fc3deaca000-7fc3deacb000 r--p 00007000 08:02 655738                     /usr/lib/jvm/java-8-openjdk-amd64/jre/lib/amd64/libzip.so
7fc3deacb000-7fc3deacc000 rw-p 00008000 08:02 655738                     /usr/lib/jvm/java-8-openjdk-amd64/jre/lib/amd64/libzip.so
7fc3deacc000-7fc3dead7000 r-xp 00000000 08:02 3801508                    /lib/x86_64-linux-gnu/libnss_files-2.23.so
7fc3dead7000-7fc3decd6000 ---p 0000b000 08:02 3801508                    /lib/x86_64-linux-gnu/libnss_files-2.23.so
7fc3decd6000-7fc3decd7000 r--p 0000a000 08:02 3801508                    /lib/x86_64-linux-gnu/libnss_files-2.23.so
7fc3decd7000-7fc3decd8000 rw-p 0000b000 08:02 3801508                    /lib/x86_64-linux-gnu/libnss_files-2.23.so
7fc3decd8000-7fc3decde000 rw-p 00000000 00:00 0 
7fc3decde000-7fc3dece9000 r-xp 00000000 08:02 3801481                    /lib/x86_64-linux-gnu/libnss_nis-2.23.so
7fc3dece9000-7fc3deee8000 ---p 0000b000 08:02 3801481                    /lib/x86_64-linux-gnu/libnss_nis-2.23.so
7fc3deee8000-7fc3deee9000 r--p 0000a000 08:02 3801481                    /lib/x86_64-linux-gnu/libnss_nis-2.23.so
7fc3deee9000-7fc3deeea000 rw-p 0000b000 08:02 3801481                    /lib/x86_64-linux-gnu/libnss_nis-2.23.so
7fc3deeea000-7fc3def00000 r-xp 00000000 08:02 3801436                    /lib/x86_64-linux-gnu/libnsl-2.23.so
7fc3def00000-7fc3df0ff000 ---p 00016000 08:02 3801436                    /lib/x86_64-linux-gnu/libnsl-2.23.so
7fc3df0ff000-7fc3df100000 r--p 00015000 08:02 3801436                    /lib/x86_64-linux-gnu/libnsl-2.23.so
7fc3df100000-7fc3df101000 rw-p 00016000 08:02 3801436                    /lib/x86_64-linux-gnu/libnsl-2.23.so
7fc3df101000-7fc3df103000 rw-p 00000000 00:00 0 
7fc3df103000-7fc3df10b000 r-xp 00000000 08:02 3801416                    /lib/x86_64-linux-gnu/libnss_compat-2.23.so
7fc3df10b000-7fc3df30a000 ---p 00008000 08:02 3801416                    /lib/x86_64-linux-gnu/libnss_compat-2.23.so
7fc3df30a000-7fc3df30b000 r--p 00007000 08:02 3801416                    /lib/x86_64-linux-gnu/libnss_compat-2.23.so
7fc3df30b000-7fc3df30c000 rw-p 00008000 08:02 3801416                    /lib/x86_64-linux-gnu/libnss_compat-2.23.so
7fc3df30c000-7fc3df339000 r-xp 00000000 08:02 655712                     /usr/lib/jvm/java-8-openjdk-amd64/jre/lib/amd64/libjava.so
7fc3df339000-7fc3df538000 ---p 0002d000 08:02 655712                     /usr/lib/jvm/java-8-openjdk-amd64/jre/lib/amd64/libjava.so
7fc3df538000-7fc3df539000 r--p 0002c000 08:02 655712                     /usr/lib/jvm/java-8-openjdk-amd64/jre/lib/amd64/libjava.so
7fc3df539000-7fc3df53b000 rw-p 0002d000 08:02 655712                     /usr/lib/jvm/java-8-openjdk-amd64/jre/lib/amd64/libjava.so
7fc3df53b000-7fc3df54a000 r-xp 00000000 08:02 655729                     /usr/lib/jvm/java-8-openjdk-amd64/jre/lib/amd64/libverify.so
7fc3df54a000-7fc3df749000 ---p 0000f000 08:02 655729                     /usr/lib/jvm/java-8-openjdk-amd64/jre/lib/amd64/libverify.so
7fc3df749000-7fc3df74b000 r--p 0000e000 08:02 655729                     /usr/lib/jvm/java-8-openjdk-amd64/jre/lib/amd64/libverify.so
7fc3df74b000-7fc3df74c000 rw-p 00010000 08:02 655729                     /usr/lib/jvm/java-8-openjdk-amd64/jre/lib/amd64/libverify.so
7fc3df74c000-7fc3df753000 r-xp 00000000 08:02 3801660                    /lib/x86_64-linux-gnu/librt-2.23.so
7fc3df753000-7fc3df952000 ---p 00007000 08:02 3801660                    /lib/x86_64-linux-gnu/librt-2.23.so
7fc3df952000-7fc3df953000 r--p 00006000 08:02 3801660                    /lib/x86_64-linux-gnu/librt-2.23.so
7fc3df953000-7fc3df954000 rw-p 00007000 08:02 3801660                    /lib/x86_64-linux-gnu/librt-2.23.so
7fc3df954000-7fc3df96a000 r-xp 00000000 08:02 3801443                    /lib/x86_64-linux-gnu/libgcc_s.so.1
7fc3df96a000-7fc3dfb69000 ---p 00016000 08:02 3801443                    /lib/x86_64-linux-gnu/libgcc_s.so.1
7fc3dfb69000-7fc3dfb6a000 rw-p 00015000 08:02 3801443                    /lib/x86_64-linux-gnu/libgcc_s.so.1
7fc3dfb6a000-7fc3dfc72000 r-xp 00000000 08:02 3801637                    /lib/x86_64-linux-gnu/libm-2.23.so
7fc3dfc72000-7fc3dfe71000 ---p 00108000 08:02 3801637                    /lib/x86_64-linux-gnu/libm-2.23.so
7fc3dfe71000-7fc3dfe72000 r--p 00107000 08:02 3801637                    /lib/x86_64-linux-gnu/libm-2.23.so
7fc3dfe72000-7fc3dfe73000 rw-p 00108000 08:02 3801637                    /lib/x86_64-linux-gnu/libm-2.23.so
7fc3dfe73000-7fc3dffe5000 r-xp 00000000 08:02 5768695                    /usr/lib/x86_64-linux-gnu/libstdc++.so.6.0.21
7fc3dffe5000-7fc3e01e5000 ---p 00172000 08:02 5768695                    /usr/lib/x86_64-linux-gnu/libstdc++.so.6.0.21
7fc3e01e5000-7fc3e01ef000 r--p 00172000 08:02 5768695                    /usr/lib/x86_64-linux-gnu/libstdc++.so.6.0.21
7fc3e01ef000-7fc3e01f1000 rw-p 0017c000 08:02 5768695                    /usr/lib/x86_64-linux-gnu/libstdc++.so.6.0.21
7fc3e01f1000-7fc3e01f5000 rw-p 00000000 00:00 0 
7fc3e01f5000-7fc3e0e44000 r-xp 00000000 08:02 655742                     /usr/lib/jvm/java-8-openjdk-amd64/jre/lib/amd64/server/libjvm.so
7fc3e0e44000-7fc3e1043000 ---p 00c4f000 08:02 655742                     /usr/lib/jvm/java-8-openjdk-amd64/jre/lib/amd64/server/libjvm.so
7fc3e1043000-7fc3e10d6000 r--p 00c4e000 08:02 655742                     /usr/lib/jvm/java-8-openjdk-amd64/jre/lib/amd64/server/libjvm.so
7fc3e10d6000-7fc3e10ff000 rw-p 00ce1000 08:02 655742                     /usr/lib/jvm/java-8-openjdk-amd64/jre/lib/amd64/server/libjvm.so
7fc3e10ff000-7fc3e112f000 rw-p 00000000 00:00 0 
7fc3e112f000-7fc3e1147000 r-xp 00000000 08:02 3801675                    /lib/x86_64-linux-gnu/libpthread-2.23.so
7fc3e1147000-7fc3e1346000 ---p 00018000 08:02 3801675                    /lib/x86_64-linux-gnu/libpthread-2.23.so
7fc3e1346000-7fc3e1347000 r--p 00017000 08:02 3801675                    /lib/x86_64-linux-gnu/libpthread-2.23.so
7fc3e1347000-7fc3e1348000 rw-p 00018000 08:02 3801675                    /lib/x86_64-linux-gnu/libpthread-2.23.so
7fc3e1348000-7fc3e134c000 rw-p 00000000 00:00 0 
7fc3e134c000-7fc3e134f000 r-xp 00000000 08:02 3801685                    /lib/x86_64-linux-gnu/libdl-2.23.so
7fc3e134f000-7fc3e154e000 ---p 00003000 08:02 3801685                    /lib/x86_64-linux-gnu/libdl-2.23.so
7fc3e154e000-7fc3e154f000 r--p 00002000 08:02 3801685                    /lib/x86_64-linux-gnu/libdl-2.23.so
7fc3e154f000-7fc3e1550000 rw-p 00003000 08:02 3801685                    /lib/x86_64-linux-gnu/libdl-2.23.so
7fc3e1550000-7fc3e1569000 r-xp 00000000 08:02 3801627                    /lib/x86_64-linux-gnu/libz.so.1.2.8
7fc3e1569000-7fc3e1768000 ---p 00019000 08:02 3801627                    /lib/x86_64-linux-gnu/libz.so.1.2.8
7fc3e1768000-7fc3e1769000 r--p 00018000 08:02 3801627                    /lib/x86_64-linux-gnu/libz.so.1.2.8
7fc3e1769000-7fc3e176a000 rw-p 00019000 08:02 3801627                    /lib/x86_64-linux-gnu/libz.so.1.2.8
7fc3e176a000-7fc3e1929000 r-xp 00000000 08:02 3801683                    /lib/x86_64-linux-gnu/libc-2.23.so
7fc3e1929000-7fc3e1b29000 ---p 001bf000 08:02 3801683                    /lib/x86_64-linux-gnu/libc-2.23.so
7fc3e1b29000-7fc3e1b2d000 r--p 001bf000 08:02 3801683                    /lib/x86_64-linux-gnu/libc-2.23.so
7fc3e1b2d000-7fc3e1b2f000 rw-p 001c3000 08:02 3801683                    /lib/x86_64-linux-gnu/libc-2.23.so
7fc3e1b2f000-7fc3e1b33000 rw-p 00000000 00:00 0 
7fc3e1b33000-7fc3e1b40000 r-xp 00000000 08:02 655724                     /usr/lib/jvm/java-8-openjdk-amd64/jre/lib/amd64/jli/libjli.so
7fc3e1b40000-7fc3e1d40000 ---p 0000d000 08:02 655724                     /usr/lib/jvm/java-8-openjdk-amd64/jre/lib/amd64/jli/libjli.so
7fc3e1d40000-7fc3e1d41000 r--p 0000d000 08:02 655724                     /usr/lib/jvm/java-8-openjdk-amd64/jre/lib/amd64/jli/libjli.so
7fc3e1d41000-7fc3e1d42000 rw-p 0000e000 08:02 655724                     /usr/lib/jvm/java-8-openjdk-amd64/jre/lib/amd64/jli/libjli.so
7fc3e1d42000-7fc3e1d68000 r-xp 00000000 08:02 3801667                    /lib/x86_64-linux-gnu/ld-2.23.so
7fc3e1d6c000-7fc3e1e2f000 rw-p 00000000 00:00 0 
7fc3e1e2f000-7fc3e1e32000 ---p 00000000 00:00 0 
7fc3e1e32000-7fc3e1f35000 rw-p 00000000 00:00 0 
7fc3e1f5b000-7fc3e1f63000 rw-s 00000000 08:02 4208654                    /tmp/hsperfdata_marenato/6310
7fc3e1f63000-7fc3e1f64000 rw-p 00000000 00:00 0 
7fc3e1f64000-7fc3e1f65000 r--p 00000000 00:00 0 
7fc3e1f65000-7fc3e1f67000 rw-p 00000000 00:00 0 
7fc3e1f67000-7fc3e1f68000 r--p 00025000 08:02 3801667                    /lib/x86_64-linux-gnu/ld-2.23.so
7fc3e1f68000-7fc3e1f69000 rw-p 00026000 08:02 3801667                    /lib/x86_64-linux-gnu/ld-2.23.so
7fc3e1f69000-7fc3e1f6a000 rw-p 00000000 00:00 0 
7fff9b9a3000-7fff9b9c6000 rw-p 00000000 00:00 0                          [stack]
7fff9b9d7000-7fff9b9d9000 r--p 00000000 00:00 0                          [vvar]
7fff9b9d9000-7fff9b9db000 r-xp 00000000 00:00 0                          [vdso]
ffffffffff600000-ffffffffff601000 r-xp 00000000 00:00 0                  [vsyscall]

VM Arguments:
jvm_args: -Xmx1G -Xms1G -XX:+UseG1GC -XX:MaxGCPauseMillis=20 -XX:InitiatingHeapOccupancyPercent=35 -XX:+DisableExplicitGC -Djava.awt.headless=true -Xloggc:/home/marenato/Documents/Apache/Kafka/kafka_2.11-0.10.1.0//bin/../logs/kafkaServer-gc.log -verbose:gc -XX:+PrintGCDetails -XX:+PrintGCDateStamps -XX:+PrintGCTimeStamps -Dcom.sun.management.jmxremote -Dcom.sun.management.jmxremote.authenticate=false -Dcom.sun.management.jmxremote.ssl=false -Dkafka.logs.dir=/home/marenato/Documents/Apache/Kafka/kafka_2.11-0.10.1.0//bin/../logs -Dlog4j.configuration=file:/home/marenato/Documents/Apache/Kafka/kafka_2.11-0.10.1.0//bin/../config/log4j.properties 
java_command: kafka.Kafka /home/marenato/Documents/Apache/Kafka/kafka_2.11-0.10.1.0//config/server.properties
java_class_path (initial): :/home/marenato/Documents/Apache/Kafka/kafka_2.11-0.10.1.0//bin/../libs/aopalliance-repackaged-2.4.0-b34.jar:/home/marenato/Documents/Apache/Kafka/kafka_2.11-0.10.1.0//bin/../libs/argparse4j-0.5.0.jar:/home/marenato/Documents/Apache/Kafka/kafka_2.11-0.10.1.0//bin/../libs/connect-api-0.10.1.0.jar:/home/marenato/Documents/Apache/Kafka/kafka_2.11-0.10.1.0//bin/../libs/connect-file-0.10.1.0.jar:/home/marenato/Documents/Apache/Kafka/kafka_2.11-0.10.1.0//bin/../libs/connect-json-0.10.1.0.jar:/home/marenato/Documents/Apache/Kafka/kafka_2.11-0.10.1.0//bin/../libs/connect-runtime-0.10.1.0.jar:/home/marenato/Documents/Apache/Kafka/kafka_2.11-0.10.1.0//bin/../libs/guava-18.0.jar:/home/marenato/Documents/Apache/Kafka/kafka_2.11-0.10.1.0//bin/../libs/hk2-api-2.4.0-b34.jar:/home/marenato/Documents/Apache/Kafka/kafka_2.11-0.10.1.0//bin/../libs/hk2-locator-2.4.0-b34.jar:/home/marenato/Documents/Apache/Kafka/kafka_2.11-0.10.1.0//bin/../libs/hk2-utils-2.4.0-b34.jar:/home/marenato/Documents/Apache/Kafka/kafka_2.11-0.10.1.0//bin/../libs/jackson-annotations-2.6.0.jar:/home/marenato/Documents/Apache/Kafka/kafka_2.11-0.10.1.0//bin/../libs/jackson-core-2.6.3.jar:/home/marenato/Documents/Apache/Kafka/kafka_2.11-0.10.1.0//bin/../libs/jackson-databind-2.6.3.jar:/home/marenato/Documents/Apache/Kafka/kafka_2.11-0.10.1.0//bin/../libs/jackson-jaxrs-base-2.6.3.jar:/home/marenato/Documents/Apache/Kafka/kafka_2.11-0.10.1.0//bin/../libs/jackson-jaxrs-json-provider-2.6.3.jar:/home/marenato/Documents/Apache/Kafka/kafka_2.11-0.10.1.0//bin/../libs/jackson-module-jaxb-annotations-2.6.3.jar:/home/marenato/Documents/Apache/Kafka/kafka_2.11-0.10.1.0//bin/../libs/javassist-3.18.2-GA.jar:/home/marenato/Documents/Apache/Kafka/kafka_2.11-0.10.1.0//bin/../libs/javax.annotation-api-1.2.jar:/home/marenato/Documents/Apache/Kafka/kafka_2.11-0.10.1.0//bin/../libs/javax.inject-1.jar:/home/marenato/Documents/Apache/Kafka/kafka_2.11-0.10.1.0//bin/../libs/javax.inject-2.4.0-b34.jar:/home/maren
Launcher Type: SUN_STANDARD

Environment Variables:
JAVA_HOME=/usr/lib/jvm/java-8-openjdk-amd64
PATH=/usr/local/sbin:/usr/local/bin:/usr/sbin:/usr/bin:/sbin:/bin:/usr/games:/usr/local/games:/snap/bin:/snap/bin
SHELL=/bin/bash
DISPLAY=:0

Signal Handlers:
SIGSEGV: [libjvm.so+0xa65880], sa_mask[0]=11111111011111111101111111111110, sa_flags=SA_RESTART|SA_SIGINFO
SIGBUS: [libjvm.so+0xa65880], sa_mask[0]=11111111011111111101111111111110, sa_flags=SA_RESTART|SA_SIGINFO
SIGFPE: [libjvm.so+0x8af1c0], sa_mask[0]=11111111011111111101111111111110, sa_flags=SA_RESTART|SA_SIGINFO
SIGPIPE: [libjvm.so+0x8af1c0], sa_mask[0]=11111111011111111101111111111110, sa_flags=SA_RESTART|SA_SIGINFO
SIGXFSZ: [libjvm.so+0x8af1c0], sa_mask[0]=11111111011111111101111111111110, sa_flags=SA_RESTART|SA_SIGINFO
SIGILL: [libjvm.so+0x8af1c0], sa_mask[0]=11111111011111111101111111111110, sa_flags=SA_RESTART|SA_SIGINFO
SIGUSR1: SIG_DFL, sa_mask[0]=00000000000000000000000000000000, sa_flags=none
SIGUSR2: [libjvm.so+0x8af070], sa_mask[0]=00000000000000000000000000000000, sa_flags=SA_RESTART|SA_SIGINFO
SIGHUP: SIG_DFL, sa_mask[0]=00000000000000000000000000000000, sa_flags=none
SIGINT: SIG_IGN, sa_mask[0]=00000000000000000000000000000000, sa_flags=none
SIGTERM: SIG_DFL, sa_mask[0]=00000000000000000000000000000000, sa_flags=none
SIGQUIT: SIG_IGN, sa_mask[0]=00000000000000000000000000000000, sa_flags=none


---------------  S Y S T E M  ---------------

OS:DISTRIB_ID=Ubuntu
DISTRIB_RELEASE=16.04
DISTRIB_CODENAME=xenial
DISTRIB_DESCRIPTION="Ubuntu 16.04.1 LTS"

uname:Linux 4.4.0-47-generic #68-Ubuntu SMP Wed Oct 26 19:39:52 UTC 2016 x86_64
libc:glibc 2.23 NPTL 2.23 
rlimit: STACK 8192k, CORE 0k, NPROC infinity, NOFILE 4096, AS infinity
load average:1.84 1.69 1.55

/proc/meminfo:
MemTotal:        8165252 kB
MemFree:          253584 kB
MemAvailable:     627656 kB
Buffers:           35748 kB
Cached:           720736 kB
SwapCached:        15236 kB
Active:          5662604 kB
Inactive:        1498788 kB
Active(anon):    5382256 kB
Inactive(anon):  1215224 kB
Active(file):     280348 kB
Inactive(file):   283564 kB
Unevictable:         384 kB
Mlocked:             384 kB
SwapTotal:       1998844 kB
SwapFree:           1396 kB
Dirty:             17068 kB
Writeback:             0 kB
AnonPages:       6390752 kB
Mapped:           361888 kB
Shmem:            192572 kB
Slab:             133536 kB
SReclaimable:      61148 kB
SUnreclaim:        72388 kB
KernelStack:       16480 kB
PageTables:        94960 kB
NFS_Unstable:          0 kB
Bounce:                0 kB
WritebackTmp:          0 kB
CommitLimit:     6081468 kB
Committed_AS:   16727348 kB
VmallocTotal:   34359738367 kB
VmallocUsed:           0 kB
VmallocChunk:          0 kB
HardwareCorrupted:     0 kB
AnonHugePages:   2627584 kB
CmaTotal:              0 kB
CmaFree:               0 kB
HugePages_Total:       0
HugePages_Free:        0
HugePages_Rsvd:        0
HugePages_Surp:        0
Hugepagesize:       2048 kB
DirectMap4k:     1053572 kB
DirectMap2M:     7325696 kB


CPU:total 4 (4 cores per cpu, 1 threads per core) family 6 model 30 stepping 5, cmov, cx8, fxsr, mmx, sse, sse2, sse3, ssse3, sse4.1, sse4.2, popcnt, tsc, tscinvbit

/proc/cpuinfo:
processor	: 0
vendor_id	: GenuineIntel
cpu family	: 6
model		: 30
model name	: Intel(R) Core(TM) i5 CPU         750  @ 2.67GHz
stepping	: 5
microcode	: 0x3
cpu MHz		: 1999.000
cache size	: 8192 KB
physical id	: 0
siblings	: 4
core id		: 0
cpu cores	: 4
apicid		: 0
initial apicid	: 0
fpu		: yes
fpu_exception	: yes
cpuid level	: 11
wp		: yes
flags		: fpu vme de pse tsc msr pae mce cx8 apic sep mtrr pge mca cmov pat pse36 clflush dts acpi mmx fxsr sse sse2 ss ht tm pbe syscall nx rdtscp lm constant_tsc arch_perfmon pebs bts rep_good nopl xtopology nonstop_tsc aperfmperf pni dtes64 monitor ds_cpl vmx smx est tm2 ssse3 cx16 xtpr pdcm sse4_1 sse4_2 popcnt lahf_lm tpr_shadow vnmi flexpriority ept vpid dtherm ida
bugs		:
bogomips	: 5333.65
clflush size	: 64
cache_alignment	: 64
address sizes	: 36 bits physical, 48 bits virtual
power management:

processor	: 1
vendor_id	: GenuineIntel
cpu family	: 6
model		: 30
model name	: Intel(R) Core(TM) i5 CPU         750  @ 2.67GHz
stepping	: 5
microcode	: 0x3
cpu MHz		: 2667.000
cache size	: 8192 KB
physical id	: 0
siblings	: 4
core id		: 1
cpu cores	: 4
apicid		: 2
initial apicid	: 2
fpu		: yes
fpu_exception	: yes
cpuid level	: 11
wp		: yes
flags		: fpu vme de pse tsc msr pae mce cx8 apic sep mtrr pge mca cmov pat pse36 clflush dts acpi mmx fxsr sse sse2 ss ht tm pbe syscall nx rdtscp lm constant_tsc arch_perfmon pebs bts rep_good nopl xtopology nonstop_tsc aperfmperf pni dtes64 monitor ds_cpl vmx smx est tm2 ssse3 cx16 xtpr pdcm sse4_1 sse4_2 popcnt lahf_lm tpr_shadow vnmi flexpriority ept vpid dtherm ida
bugs		:
bogomips	: 5333.65
clflush size	: 64
cache_alignment	: 64
address sizes	: 36 bits physical, 48 bits virtual
power management:

processor	: 2
vendor_id	: GenuineIntel
cpu family	: 6
model		: 30
model name	: Intel(R) Core(TM) i5 CPU         750  @ 2.67GHz
stepping	: 5
microcode	: 0x3
cpu MHz		: 1866.000
cache size	: 8192 KB
physical id	: 0
siblings	: 4
core id		: 2
cpu cores	: 4
apicid		: 4
initial apicid	: 4
fpu		: yes
fpu_exception	: yes
cpuid level	: 11
wp		: yes
flags		: fpu vme de pse tsc msr pae mce cx8 apic sep mtrr pge mca cmov pat pse36 clflush dts acpi mmx fxsr sse sse2 ss ht tm pbe syscall nx rdtscp lm constant_tsc arch_perfmon pebs bts rep_good nopl xtopology nonstop_tsc aperfmperf pni dtes64 monitor ds_cpl vmx smx est tm2 ssse3 cx16 xtpr pdcm sse4_1 sse4_2 popcnt lahf_lm tpr_shadow vnmi flexpriority ept vpid dtherm ida
bugs		:
bogomips	: 5333.65
clflush size	: 64
cache_alignment	: 64
address sizes	: 36 bits physical, 48 bits virtual
power management:

processor	: 3
vendor_id	: GenuineIntel
cpu family	: 6
model		: 30
model name	: Intel(R) Core(TM) i5 CPU         750  @ 2.67GHz
stepping	: 5
microcode	: 0x3
cpu MHz		: 1866.000
cache size	: 8192 KB
physical id	: 0
siblings	: 4
core id		: 3
cpu cores	: 4
apicid		: 6
initial apicid	: 6
fpu		: yes
fpu_exception	: yes
cpuid level	: 11
wp		: yes
flags		: fpu vme de pse tsc msr pae mce cx8 apic sep mtrr pge mca cmov pat pse36 clflush dts acpi mmx fxsr sse sse2 ss ht tm pbe syscall nx rdtscp lm constant_tsc arch_perfmon pebs bts rep_good nopl xtopology nonstop_tsc aperfmperf pni dtes64 monitor ds_cpl vmx smx est tm2 ssse3 cx16 xtpr pdcm sse4_1 sse4_2 popcnt lahf_lm tpr_shadow vnmi flexpriority ept vpid dtherm ida
bugs		:
bogomips	: 5333.65
clflush size	: 64
cache_alignment	: 64
address sizes	: 36 bits physical, 48 bits virtual
power management:



Memory: 4k page, physical 8165252k(253584k free), swap 1998844k(1396k free)

vm_info: OpenJDK 64-Bit Server VM (25.111-b14) for linux-amd64 JRE (1.8.0_111-8u111-b14-2ubuntu0.16.04.2-b14), built on Oct 27 2016 18:10:19 by "buildd" with gcc 5.4.0 20160609

time: Thu Feb  2 16:51:58 2017
elapsed time: 0 seconds (0d 0h 0m 0s)

