#
# There is insufficient memory for the Java Runtime Environment to continue.
# Native memory allocation (mmap) failed to map 1073741824 bytes for committing reserved memory.
# Possible reasons:
#   The system is out of physical RAM or swap space
#   In 32 bit mode, the process size limit was hit
# Possible solutions:
#   Reduce memory load on the system
#   Increase physical memory or swap space
#   Check if swap backing store is full
#   Use 64 bit Java on a 64 bit OS
#   Decrease Java heap size (-Xmx/-Xms)
#   Decrease number of Java threads
#   Decrease Java thread stack sizes (-Xss)
#   Set larger code cache with -XX:ReservedCodeCacheSize=
# This output file may be truncated or incomplete.
#
#  Out of Memory Error (os_linux.cpp:2630), pid=6002, tid=0x00007fc4b850f700
#
# JRE version:  (8.0_111-b14) (build )
# Java VM: OpenJDK 64-Bit Server VM (25.111-b14 mixed mode linux-amd64 compressed oops)
# Failed to write core dump. Core dumps have been disabled. To enable core dumping, try "ulimit -c unlimited" before starting Java again
#

---------------  T H R E A D  ---------------

Current thread (0x00007fc4b000f800):  JavaThread "Unknown thread" [_thread_in_vm, id=6247, stack(0x00007fc4b840f000,0x00007fc4b8510000)]

Stack: [0x00007fc4b840f000,0x00007fc4b8510000],  sp=0x00007fc4b850e460,  free space=1021k
Native frames: (J=compiled Java code, j=interpreted, Vv=VM code, C=native code)
V  [libjvm.so+0xa64d2b]
V  [libjvm.so+0x4c2dac]
V  [libjvm.so+0x8b3cbf]
V  [libjvm.so+0x8ae34c]
V  [libjvm.so+0x59195c]
V  [libjvm.so+0x591b1c]
V  [libjvm.so+0x5947e5]
V  [libjvm.so+0x5f8d96]
V  [libjvm.so+0x5f9d1d]
V  [libjvm.so+0x5fa1ba]
V  [libjvm.so+0x56cd1a]
V  [libjvm.so+0x575b25]
V  [libjvm.so+0xa286f9]
V  [libjvm.so+0xa28942]
V  [libjvm.so+0x60d6af]
V  [libjvm.so+0xa0dcea]
V  [libjvm.so+0x687952]  JNI_CreateJavaVM+0x62
C  [libjli.so+0x2f2e]
C  [libjli.so+0x73dd]
C  [libpthread.so.0+0x770a]  start_thread+0xca


---------------  P R O C E S S  ---------------

Java Threads: ( => current thread )

Other Threads:

=>0x00007fc4b000f800 (exited) JavaThread "Unknown thread" [_thread_in_vm, id=6247, stack(0x00007fc4b840f000,0x00007fc4b8510000)]

VM state:not at safepoint (not fully initialized)

VM Mutex/Monitor currently owned by a thread:  ([mutex/lock_event])
[0x00007fc4b000bf40] Heap_lock - owner thread: 0x00007fc4b000f800

GC Heap History (0 events):
No events

Deoptimization events (0 events):
No events

Internal exceptions (0 events):
No events

Events (0 events):
No events


Dynamic libraries:
00400000-00401000 r-xp 00000000 08:02 674647                             /usr/lib/jvm/java-8-openjdk-amd64/jre/bin/java
00600000-00601000 r--p 00000000 08:02 674647                             /usr/lib/jvm/java-8-openjdk-amd64/jre/bin/java
00601000-00602000 rw-p 00001000 08:02 674647                             /usr/lib/jvm/java-8-openjdk-amd64/jre/bin/java
00da5000-00dc6000 rw-p 00000000 00:00 0                                  [heap]
7fc46c000000-7fc46c021000 rw-p 00000000 00:00 0 
7fc46c021000-7fc470000000 ---p 00000000 00:00 0 
7fc473dfe000-7fc474000000 rw-p 00000000 00:00 0 
7fc474000000-7fc474021000 rw-p 00000000 00:00 0 
7fc474021000-7fc478000000 ---p 00000000 00:00 0 
7fc478000000-7fc47a000000 rw-p 00000000 00:00 0 
7fc47a000000-7fc47c000000 ---p 00000000 00:00 0 
7fc47c000000-7fc47c021000 rw-p 00000000 00:00 0 
7fc47c021000-7fc480000000 ---p 00000000 00:00 0 
7fc480000000-7fc480021000 rw-p 00000000 00:00 0 
7fc480021000-7fc484000000 ---p 00000000 00:00 0 
7fc484000000-7fc484021000 rw-p 00000000 00:00 0 
7fc484021000-7fc488000000 ---p 00000000 00:00 0 
7fc488000000-7fc488021000 rw-p 00000000 00:00 0 
7fc488021000-7fc48c000000 ---p 00000000 00:00 0 
7fc48c000000-7fc48c021000 rw-p 00000000 00:00 0 
7fc48c021000-7fc490000000 ---p 00000000 00:00 0 
7fc490000000-7fc490021000 rw-p 00000000 00:00 0 
7fc490021000-7fc494000000 ---p 00000000 00:00 0 
7fc494000000-7fc494021000 rw-p 00000000 00:00 0 
7fc494021000-7fc498000000 ---p 00000000 00:00 0 
7fc498000000-7fc498021000 rw-p 00000000 00:00 0 
7fc498021000-7fc49c000000 ---p 00000000 00:00 0 
7fc49c000000-7fc49c021000 rw-p 00000000 00:00 0 
7fc49c021000-7fc4a0000000 ---p 00000000 00:00 0 
7fc4a00f9000-7fc4a02fb000 rw-p 00000000 00:00 0 
7fc4a02fb000-7fc4a02fc000 ---p 00000000 00:00 0 
7fc4a02fc000-7fc4a03fc000 rw-p 00000000 00:00 0 
7fc4a03fc000-7fc4a03fd000 ---p 00000000 00:00 0 
7fc4a03fd000-7fc4a04fd000 rw-p 00000000 00:00 0 
7fc4a04fd000-7fc4a0cfd000 ---p 00000000 00:00 0 
7fc4a0cfd000-7fc4a0cfe000 ---p 00000000 00:00 0 
7fc4a0cfe000-7fc4a0dfe000 rw-p 00000000 00:00 0 
7fc4a0dfe000-7fc4a0dff000 ---p 00000000 00:00 0 
7fc4a0dff000-7fc4a0eff000 rw-p 00000000 00:00 0 
7fc4a0eff000-7fc4a0f00000 ---p 00000000 00:00 0 
7fc4a0f00000-7fc4a1000000 rw-p 00000000 00:00 0 
7fc4a1000000-7fc4a1270000 rwxp 00000000 00:00 0 
7fc4a1270000-7fc4b0000000 ---p 00000000 00:00 0 
7fc4b0000000-7fc4b006e000 rw-p 00000000 00:00 0 
7fc4b006e000-7fc4b4000000 ---p 00000000 00:00 0 
7fc4b4057000-7fc4b40d9000 rw-p 00000000 00:00 0 
7fc4b40d9000-7fc4b40da000 ---p 00000000 00:00 0 
7fc4b40da000-7fc4b41da000 rw-p 00000000 00:00 0 
7fc4b41da000-7fc4b41db000 ---p 00000000 00:00 0 
7fc4b41db000-7fc4b46df000 rw-p 00000000 00:00 0 
7fc4b46df000-7fc4b46e0000 ---p 00000000 00:00 0 
7fc4b46e0000-7fc4b47e0000 rw-p 00000000 00:00 0 
7fc4b47e0000-7fc4b47e1000 ---p 00000000 00:00 0 
7fc4b47e1000-7fc4b48e1000 rw-p 00000000 00:00 0 
7fc4b48e1000-7fc4b48e2000 ---p 00000000 00:00 0 
7fc4b48e2000-7fc4b49e2000 rw-p 00000000 00:00 0 
7fc4b49e2000-7fc4b49e3000 ---p 00000000 00:00 0 
7fc4b49e3000-7fc4b4aed000 rw-p 00000000 00:00 0 
7fc4b4aed000-7fc4b4ea3000 ---p 00000000 00:00 0 
7fc4b4ea3000-7fc4b4eab000 r-xp 00000000 08:02 655738                     /usr/lib/jvm/java-8-openjdk-amd64/jre/lib/amd64/libzip.so
7fc4b4eab000-7fc4b50aa000 ---p 00008000 08:02 655738                     /usr/lib/jvm/java-8-openjdk-amd64/jre/lib/amd64/libzip.so
7fc4b50aa000-7fc4b50ab000 r--p 00007000 08:02 655738                     /usr/lib/jvm/java-8-openjdk-amd64/jre/lib/amd64/libzip.so
7fc4b50ab000-7fc4b50ac000 rw-p 00008000 08:02 655738                     /usr/lib/jvm/java-8-openjdk-amd64/jre/lib/amd64/libzip.so
7fc4b50ac000-7fc4b50b7000 r-xp 00000000 08:02 3801508                    /lib/x86_64-linux-gnu/libnss_files-2.23.so
7fc4b50b7000-7fc4b52b6000 ---p 0000b000 08:02 3801508                    /lib/x86_64-linux-gnu/libnss_files-2.23.so
7fc4b52b6000-7fc4b52b7000 r--p 0000a000 08:02 3801508                    /lib/x86_64-linux-gnu/libnss_files-2.23.so
7fc4b52b7000-7fc4b52b8000 rw-p 0000b000 08:02 3801508                    /lib/x86_64-linux-gnu/libnss_files-2.23.so
7fc4b52b8000-7fc4b52be000 rw-p 00000000 00:00 0 
7fc4b52be000-7fc4b52c9000 r-xp 00000000 08:02 3801481                    /lib/x86_64-linux-gnu/libnss_nis-2.23.so
7fc4b52c9000-7fc4b54c8000 ---p 0000b000 08:02 3801481                    /lib/x86_64-linux-gnu/libnss_nis-2.23.so
7fc4b54c8000-7fc4b54c9000 r--p 0000a000 08:02 3801481                    /lib/x86_64-linux-gnu/libnss_nis-2.23.so
7fc4b54c9000-7fc4b54ca000 rw-p 0000b000 08:02 3801481                    /lib/x86_64-linux-gnu/libnss_nis-2.23.so
7fc4b54ca000-7fc4b54e0000 r-xp 00000000 08:02 3801436                    /lib/x86_64-linux-gnu/libnsl-2.23.so
7fc4b54e0000-7fc4b56df000 ---p 00016000 08:02 3801436                    /lib/x86_64-linux-gnu/libnsl-2.23.so
7fc4b56df000-7fc4b56e0000 r--p 00015000 08:02 3801436                    /lib/x86_64-linux-gnu/libnsl-2.23.so
7fc4b56e0000-7fc4b56e1000 rw-p 00016000 08:02 3801436                    /lib/x86_64-linux-gnu/libnsl-2.23.so
7fc4b56e1000-7fc4b56e3000 rw-p 00000000 00:00 0 
7fc4b56e3000-7fc4b56eb000 r-xp 00000000 08:02 3801416                    /lib/x86_64-linux-gnu/libnss_compat-2.23.so
7fc4b56eb000-7fc4b58ea000 ---p 00008000 08:02 3801416                    /lib/x86_64-linux-gnu/libnss_compat-2.23.so
7fc4b58ea000-7fc4b58eb000 r--p 00007000 08:02 3801416                    /lib/x86_64-linux-gnu/libnss_compat-2.23.so
7fc4b58eb000-7fc4b58ec000 rw-p 00008000 08:02 3801416                    /lib/x86_64-linux-gnu/libnss_compat-2.23.so
7fc4b58ec000-7fc4b5919000 r-xp 00000000 08:02 655712                     /usr/lib/jvm/java-8-openjdk-amd64/jre/lib/amd64/libjava.so
7fc4b5919000-7fc4b5b18000 ---p 0002d000 08:02 655712                     /usr/lib/jvm/java-8-openjdk-amd64/jre/lib/amd64/libjava.so
7fc4b5b18000-7fc4b5b19000 r--p 0002c000 08:02 655712                     /usr/lib/jvm/java-8-openjdk-amd64/jre/lib/amd64/libjava.so
7fc4b5b19000-7fc4b5b1b000 rw-p 0002d000 08:02 655712                     /usr/lib/jvm/java-8-openjdk-amd64/jre/lib/amd64/libjava.so
7fc4b5b1b000-7fc4b5b2a000 r-xp 00000000 08:02 655729                     /usr/lib/jvm/java-8-openjdk-amd64/jre/lib/amd64/libverify.so
7fc4b5b2a000-7fc4b5d29000 ---p 0000f000 08:02 655729                     /usr/lib/jvm/java-8-openjdk-amd64/jre/lib/amd64/libverify.so
7fc4b5d29000-7fc4b5d2b000 r--p 0000e000 08:02 655729                     /usr/lib/jvm/java-8-openjdk-amd64/jre/lib/amd64/libverify.so
7fc4b5d2b000-7fc4b5d2c000 rw-p 00010000 08:02 655729                     /usr/lib/jvm/java-8-openjdk-amd64/jre/lib/amd64/libverify.so
7fc4b5d2c000-7fc4b5d33000 r-xp 00000000 08:02 3801660                    /lib/x86_64-linux-gnu/librt-2.23.so
7fc4b5d33000-7fc4b5f32000 ---p 00007000 08:02 3801660                    /lib/x86_64-linux-gnu/librt-2.23.so
7fc4b5f32000-7fc4b5f33000 r--p 00006000 08:02 3801660                    /lib/x86_64-linux-gnu/librt-2.23.so
7fc4b5f33000-7fc4b5f34000 rw-p 00007000 08:02 3801660                    /lib/x86_64-linux-gnu/librt-2.23.so
7fc4b5f34000-7fc4b5f4a000 r-xp 00000000 08:02 3801443                    /lib/x86_64-linux-gnu/libgcc_s.so.1
7fc4b5f4a000-7fc4b6149000 ---p 00016000 08:02 3801443                    /lib/x86_64-linux-gnu/libgcc_s.so.1
7fc4b6149000-7fc4b614a000 rw-p 00015000 08:02 3801443                    /lib/x86_64-linux-gnu/libgcc_s.so.1
7fc4b614a000-7fc4b6252000 r-xp 00000000 08:02 3801637                    /lib/x86_64-linux-gnu/libm-2.23.so
7fc4b6252000-7fc4b6451000 ---p 00108000 08:02 3801637                    /lib/x86_64-linux-gnu/libm-2.23.so
7fc4b6451000-7fc4b6452000 r--p 00107000 08:02 3801637                    /lib/x86_64-linux-gnu/libm-2.23.so
7fc4b6452000-7fc4b6453000 rw-p 00108000 08:02 3801637                    /lib/x86_64-linux-gnu/libm-2.23.so
7fc4b6453000-7fc4b65c5000 r-xp 00000000 08:02 5768695                    /usr/lib/x86_64-linux-gnu/libstdc++.so.6.0.21
7fc4b65c5000-7fc4b67c5000 ---p 00172000 08:02 5768695                    /usr/lib/x86_64-linux-gnu/libstdc++.so.6.0.21
7fc4b67c5000-7fc4b67cf000 r--p 00172000 08:02 5768695                    /usr/lib/x86_64-linux-gnu/libstdc++.so.6.0.21
7fc4b67cf000-7fc4b67d1000 rw-p 0017c000 08:02 5768695                    /usr/lib/x86_64-linux-gnu/libstdc++.so.6.0.21
7fc4b67d1000-7fc4b67d5000 rw-p 00000000 00:00 0 
7fc4b67d5000-7fc4b7424000 r-xp 00000000 08:02 655742                     /usr/lib/jvm/java-8-openjdk-amd64/jre/lib/amd64/server/libjvm.so
7fc4b7424000-7fc4b7623000 ---p 00c4f000 08:02 655742                     /usr/lib/jvm/java-8-openjdk-amd64/jre/lib/amd64/server/libjvm.so
7fc4b7623000-7fc4b76b6000 r--p 00c4e000 08:02 655742                     /usr/lib/jvm/java-8-openjdk-amd64/jre/lib/amd64/server/libjvm.so
7fc4b76b6000-7fc4b76df000 rw-p 00ce1000 08:02 655742                     /usr/lib/jvm/java-8-openjdk-amd64/jre/lib/amd64/server/libjvm.so
7fc4b76df000-7fc4b770f000 rw-p 00000000 00:00 0 
7fc4b770f000-7fc4b7727000 r-xp 00000000 08:02 3801675                    /lib/x86_64-linux-gnu/libpthread-2.23.so
7fc4b7727000-7fc4b7926000 ---p 00018000 08:02 3801675                    /lib/x86_64-linux-gnu/libpthread-2.23.so
7fc4b7926000-7fc4b7927000 r--p 00017000 08:02 3801675                    /lib/x86_64-linux-gnu/libpthread-2.23.so
7fc4b7927000-7fc4b7928000 rw-p 00018000 08:02 3801675                    /lib/x86_64-linux-gnu/libpthread-2.23.so
7fc4b7928000-7fc4b792c000 rw-p 00000000 00:00 0 
7fc4b792c000-7fc4b792f000 r-xp 00000000 08:02 3801685                    /lib/x86_64-linux-gnu/libdl-2.23.so
7fc4b792f000-7fc4b7b2e000 ---p 00003000 08:02 3801685                    /lib/x86_64-linux-gnu/libdl-2.23.so
7fc4b7b2e000-7fc4b7b2f000 r--p 00002000 08:02 3801685                    /lib/x86_64-linux-gnu/libdl-2.23.so
7fc4b7b2f000-7fc4b7b30000 rw-p 00003000 08:02 3801685                    /lib/x86_64-linux-gnu/libdl-2.23.so
7fc4b7b30000-7fc4b7b49000 r-xp 00000000 08:02 3801627                    /lib/x86_64-linux-gnu/libz.so.1.2.8
7fc4b7b49000-7fc4b7d48000 ---p 00019000 08:02 3801627                    /lib/x86_64-linux-gnu/libz.so.1.2.8
7fc4b7d48000-7fc4b7d49000 r--p 00018000 08:02 3801627                    /lib/x86_64-linux-gnu/libz.so.1.2.8
7fc4b7d49000-7fc4b7d4a000 rw-p 00019000 08:02 3801627                    /lib/x86_64-linux-gnu/libz.so.1.2.8
7fc4b7d4a000-7fc4b7f09000 r-xp 00000000 08:02 3801683                    /lib/x86_64-linux-gnu/libc-2.23.so
7fc4b7f09000-7fc4b8109000 ---p 001bf000 08:02 3801683                    /lib/x86_64-linux-gnu/libc-2.23.so
7fc4b8109000-7fc4b810d000 r--p 001bf000 08:02 3801683                    /lib/x86_64-linux-gnu/libc-2.23.so
7fc4b810d000-7fc4b810f000 rw-p 001c3000 08:02 3801683                    /lib/x86_64-linux-gnu/libc-2.23.so
7fc4b810f000-7fc4b8113000 rw-p 00000000 00:00 0 
7fc4b8113000-7fc4b8120000 r-xp 00000000 08:02 655724                     /usr/lib/jvm/java-8-openjdk-amd64/jre/lib/amd64/jli/libjli.so
7fc4b8120000-7fc4b8320000 ---p 0000d000 08:02 655724                     /usr/lib/jvm/java-8-openjdk-amd64/jre/lib/amd64/jli/libjli.so
7fc4b8320000-7fc4b8321000 r--p 0000d000 08:02 655724                     /usr/lib/jvm/java-8-openjdk-amd64/jre/lib/amd64/jli/libjli.so
7fc4b8321000-7fc4b8322000 rw-p 0000e000 08:02 655724                     /usr/lib/jvm/java-8-openjdk-amd64/jre/lib/amd64/jli/libjli.so
7fc4b8322000-7fc4b8348000 r-xp 00000000 08:02 3801667                    /lib/x86_64-linux-gnu/ld-2.23.so
7fc4b834c000-7fc4b840f000 rw-p 00000000 00:00 0 
7fc4b840f000-7fc4b8412000 ---p 00000000 00:00 0 
7fc4b8412000-7fc4b8515000 rw-p 00000000 00:00 0 
7fc4b853b000-7fc4b8543000 rw-s 00000000 08:02 4208654                    /tmp/hsperfdata_marenato/6002
7fc4b8543000-7fc4b8544000 rw-p 00000000 00:00 0 
7fc4b8544000-7fc4b8545000 r--p 00000000 00:00 0 
7fc4b8545000-7fc4b8547000 rw-p 00000000 00:00 0 
7fc4b8547000-7fc4b8548000 r--p 00025000 08:02 3801667                    /lib/x86_64-linux-gnu/ld-2.23.so
7fc4b8548000-7fc4b8549000 rw-p 00026000 08:02 3801667                    /lib/x86_64-linux-gnu/ld-2.23.so
7fc4b8549000-7fc4b854a000 rw-p 00000000 00:00 0 
7ffe45287000-7ffe452aa000 rw-p 00000000 00:00 0                          [stack]
7ffe452ab000-7ffe452ad000 r--p 00000000 00:00 0                          [vvar]
7ffe452ad000-7ffe452af000 r-xp 00000000 00:00 0                          [vdso]
ffffffffff600000-ffffffffff601000 r-xp 00000000 00:00 0                  [vsyscall]

VM Arguments:
jvm_args: -Xmx1G -Xms1G -XX:+UseG1GC -XX:MaxGCPauseMillis=20 -XX:InitiatingHeapOccupancyPercent=35 -XX:+DisableExplicitGC -Djava.awt.headless=true -Xloggc:/home/marenato/Documents/Apache/Kafka/kafka_2.11-0.10.1.0//bin/../logs/kafkaServer-gc.log -verbose:gc -XX:+PrintGCDetails -XX:+PrintGCDateStamps -XX:+PrintGCTimeStamps -Dcom.sun.management.jmxremote -Dcom.sun.management.jmxremote.authenticate=false -Dcom.sun.management.jmxremote.ssl=false -Dkafka.logs.dir=/home/marenato/Documents/Apache/Kafka/kafka_2.11-0.10.1.0//bin/../logs -Dlog4j.configuration=file:/home/marenato/Documents/Apache/Kafka/kafka_2.11-0.10.1.0//bin/../config/log4j.properties 
java_command: kafka.Kafka /home/marenato/Documents/Apache/Kafka/kafka_2.11-0.10.1.0//config/server.properties
java_class_path (initial): :/home/marenato/Documents/Apache/Kafka/kafka_2.11-0.10.1.0//bin/../libs/aopalliance-repackaged-2.4.0-b34.jar:/home/marenato/Documents/Apache/Kafka/kafka_2.11-0.10.1.0//bin/../libs/argparse4j-0.5.0.jar:/home/marenato/Documents/Apache/Kafka/kafka_2.11-0.10.1.0//bin/../libs/connect-api-0.10.1.0.jar:/home/marenato/Documents/Apache/Kafka/kafka_2.11-0.10.1.0//bin/../libs/connect-file-0.10.1.0.jar:/home/marenato/Documents/Apache/Kafka/kafka_2.11-0.10.1.0//bin/../libs/connect-json-0.10.1.0.jar:/home/marenato/Documents/Apache/Kafka/kafka_2.11-0.10.1.0//bin/../libs/connect-runtime-0.10.1.0.jar:/home/marenato/Documents/Apache/Kafka/kafka_2.11-0.10.1.0//bin/../libs/guava-18.0.jar:/home/marenato/Documents/Apache/Kafka/kafka_2.11-0.10.1.0//bin/../libs/hk2-api-2.4.0-b34.jar:/home/marenato/Documents/Apache/Kafka/kafka_2.11-0.10.1.0//bin/../libs/hk2-locator-2.4.0-b34.jar:/home/marenato/Documents/Apache/Kafka/kafka_2.11-0.10.1.0//bin/../libs/hk2-utils-2.4.0-b34.jar:/home/marenato/Documents/Apache/Kafka/kafka_2.11-0.10.1.0//bin/../libs/jackson-annotations-2.6.0.jar:/home/marenato/Documents/Apache/Kafka/kafka_2.11-0.10.1.0//bin/../libs/jackson-core-2.6.3.jar:/home/marenato/Documents/Apache/Kafka/kafka_2.11-0.10.1.0//bin/../libs/jackson-databind-2.6.3.jar:/home/marenato/Documents/Apache/Kafka/kafka_2.11-0.10.1.0//bin/../libs/jackson-jaxrs-base-2.6.3.jar:/home/marenato/Documents/Apache/Kafka/kafka_2.11-0.10.1.0//bin/../libs/jackson-jaxrs-json-provider-2.6.3.jar:/home/marenato/Documents/Apache/Kafka/kafka_2.11-0.10.1.0//bin/../libs/jackson-module-jaxb-annotations-2.6.3.jar:/home/marenato/Documents/Apache/Kafka/kafka_2.11-0.10.1.0//bin/../libs/javassist-3.18.2-GA.jar:/home/marenato/Documents/Apache/Kafka/kafka_2.11-0.10.1.0//bin/../libs/javax.annotation-api-1.2.jar:/home/marenato/Documents/Apache/Kafka/kafka_2.11-0.10.1.0//bin/../libs/javax.inject-1.jar:/home/marenato/Documents/Apache/Kafka/kafka_2.11-0.10.1.0//bin/../libs/javax.inject-2.4.0-b34.jar:/home/maren
Launcher Type: SUN_STANDARD

Environment Variables:
JAVA_HOME=/usr/lib/jvm/java-8-openjdk-amd64
PATH=/usr/local/sbin:/usr/local/bin:/usr/sbin:/usr/bin:/sbin:/bin:/usr/games:/usr/local/games:/snap/bin:/snap/bin
SHELL=/bin/bash
DISPLAY=:0

Signal Handlers:
SIGSEGV: [libjvm.so+0xa65880], sa_mask[0]=11111111011111111101111111111110, sa_flags=SA_RESTART|SA_SIGINFO
SIGBUS: [libjvm.so+0xa65880], sa_mask[0]=11111111011111111101111111111110, sa_flags=SA_RESTART|SA_SIGINFO
SIGFPE: [libjvm.so+0x8af1c0], sa_mask[0]=11111111011111111101111111111110, sa_flags=SA_RESTART|SA_SIGINFO
SIGPIPE: [libjvm.so+0x8af1c0], sa_mask[0]=11111111011111111101111111111110, sa_flags=SA_RESTART|SA_SIGINFO
SIGXFSZ: [libjvm.so+0x8af1c0], sa_mask[0]=11111111011111111101111111111110, sa_flags=SA_RESTART|SA_SIGINFO
SIGILL: [libjvm.so+0x8af1c0], sa_mask[0]=11111111011111111101111111111110, sa_flags=SA_RESTART|SA_SIGINFO
SIGUSR1: SIG_DFL, sa_mask[0]=00000000000000000000000000000000, sa_flags=none
SIGUSR2: [libjvm.so+0x8af070], sa_mask[0]=00000000000000000000000000000000, sa_flags=SA_RESTART|SA_SIGINFO
SIGHUP: SIG_DFL, sa_mask[0]=00000000000000000000000000000000, sa_flags=none
SIGINT: SIG_IGN, sa_mask[0]=00000000000000000000000000000000, sa_flags=none
SIGTERM: SIG_DFL, sa_mask[0]=00000000000000000000000000000000, sa_flags=none
SIGQUIT: SIG_IGN, sa_mask[0]=00000000000000000000000000000000, sa_flags=none


---------------  S Y S T E M  ---------------

OS:DISTRIB_ID=Ubuntu
DISTRIB_RELEASE=16.04
DISTRIB_CODENAME=xenial
DISTRIB_DESCRIPTION="Ubuntu 16.04.1 LTS"

uname:Linux 4.4.0-47-generic #68-Ubuntu SMP Wed Oct 26 19:39:52 UTC 2016 x86_64
libc:glibc 2.23 NPTL 2.23 
rlimit: STACK 8192k, CORE 0k, NPROC infinity, NOFILE 4096, AS infinity
load average:1.83 1.58 1.50

/proc/meminfo:
MemTotal:        8165252 kB
MemFree:          188644 kB
MemAvailable:     549264 kB
Buffers:           35724 kB
Cached:           717136 kB
SwapCached:        15164 kB
Active:          5733048 kB
Inactive:        1493056 kB
Active(anon):    5447912 kB
Inactive(anon):  1227740 kB
Active(file):     285136 kB
Inactive(file):   265316 kB
Unevictable:         384 kB
Mlocked:             384 kB
SwapTotal:       1998844 kB
SwapFree:            968 kB
Dirty:             13624 kB
Writeback:             0 kB
AnonPages:       6458736 kB
Mapped:           376204 kB
Shmem:            202404 kB
Slab:             133228 kB
SReclaimable:      61164 kB
SUnreclaim:        72064 kB
KernelStack:       16752 kB
PageTables:        94924 kB
NFS_Unstable:          0 kB
Bounce:                0 kB
WritebackTmp:          0 kB
CommitLimit:     6081468 kB
Committed_AS:   16846676 kB
VmallocTotal:   34359738367 kB
VmallocUsed:           0 kB
VmallocChunk:          0 kB
HardwareCorrupted:     0 kB
AnonHugePages:   2637824 kB
CmaTotal:              0 kB
CmaFree:               0 kB
HugePages_Total:       0
HugePages_Free:        0
HugePages_Rsvd:        0
HugePages_Surp:        0
Hugepagesize:       2048 kB
DirectMap4k:     1053572 kB
DirectMap2M:     7325696 kB


CPU:total 4 (4 cores per cpu, 1 threads per core) family 6 model 30 stepping 5, cmov, cx8, fxsr, mmx, sse, sse2, sse3, ssse3, sse4.1, sse4.2, popcnt, tsc, tscinvbit

/proc/cpuinfo:
processor	: 0
vendor_id	: GenuineIntel
cpu family	: 6
model		: 30
model name	: Intel(R) Core(TM) i5 CPU         750  @ 2.67GHz
stepping	: 5
microcode	: 0x3
cpu MHz		: 1999.000
cache size	: 8192 KB
physical id	: 0
siblings	: 4
core id		: 0
cpu cores	: 4
apicid		: 0
initial apicid	: 0
fpu		: yes
fpu_exception	: yes
cpuid level	: 11
wp		: yes
flags		: fpu vme de pse tsc msr pae mce cx8 apic sep mtrr pge mca cmov pat pse36 clflush dts acpi mmx fxsr sse sse2 ss ht tm pbe syscall nx rdtscp lm constant_tsc arch_perfmon pebs bts rep_good nopl xtopology nonstop_tsc aperfmperf pni dtes64 monitor ds_cpl vmx smx est tm2 ssse3 cx16 xtpr pdcm sse4_1 sse4_2 popcnt lahf_lm tpr_shadow vnmi flexpriority ept vpid dtherm ida
bugs		:
bogomips	: 5333.65
clflush size	: 64
cache_alignment	: 64
address sizes	: 36 bits physical, 48 bits virtual
power management:

processor	: 1
vendor_id	: GenuineIntel
cpu family	: 6
model		: 30
model name	: Intel(R) Core(TM) i5 CPU         750  @ 2.67GHz
stepping	: 5
microcode	: 0x3
cpu MHz		: 1866.000
cache size	: 8192 KB
physical id	: 0
siblings	: 4
core id		: 1
cpu cores	: 4
apicid		: 2
initial apicid	: 2
fpu		: yes
fpu_exception	: yes
cpuid level	: 11
wp		: yes
flags		: fpu vme de pse tsc msr pae mce cx8 apic sep mtrr pge mca cmov pat pse36 clflush dts acpi mmx fxsr sse sse2 ss ht tm pbe syscall nx rdtscp lm constant_tsc arch_perfmon pebs bts rep_good nopl xtopology nonstop_tsc aperfmperf pni dtes64 monitor ds_cpl vmx smx est tm2 ssse3 cx16 xtpr pdcm sse4_1 sse4_2 popcnt lahf_lm tpr_shadow vnmi flexpriority ept vpid dtherm ida
bugs		:
bogomips	: 5333.65
clflush size	: 64
cache_alignment	: 64
address sizes	: 36 bits physical, 48 bits virtual
power management:

processor	: 2
vendor_id	: GenuineIntel
cpu family	: 6
model		: 30
model name	: Intel(R) Core(TM) i5 CPU         750  @ 2.67GHz
stepping	: 5
microcode	: 0x3
cpu MHz		: 2266.000
cache size	: 8192 KB
physical id	: 0
siblings	: 4
core id		: 2
cpu cores	: 4
apicid		: 4
initial apicid	: 4
fpu		: yes
fpu_exception	: yes
cpuid level	: 11
wp		: yes
flags		: fpu vme de pse tsc msr pae mce cx8 apic sep mtrr pge mca cmov pat pse36 clflush dts acpi mmx fxsr sse sse2 ss ht tm pbe syscall nx rdtscp lm constant_tsc arch_perfmon pebs bts rep_good nopl xtopology nonstop_tsc aperfmperf pni dtes64 monitor ds_cpl vmx smx est tm2 ssse3 cx16 xtpr pdcm sse4_1 sse4_2 popcnt lahf_lm tpr_shadow vnmi flexpriority ept vpid dtherm ida
bugs		:
bogomips	: 5333.65
clflush size	: 64
cache_alignment	: 64
address sizes	: 36 bits physical, 48 bits virtual
power management:

processor	: 3
vendor_id	: GenuineIntel
cpu family	: 6
model		: 30
model name	: Intel(R) Core(TM) i5 CPU         750  @ 2.67GHz
stepping	: 5
microcode	: 0x3
cpu MHz		: 1999.000
cache size	: 8192 KB
physical id	: 0
siblings	: 4
core id		: 3
cpu cores	: 4
apicid		: 6
initial apicid	: 6
fpu		: yes
fpu_exception	: yes
cpuid level	: 11
wp		: yes
flags		: fpu vme de pse tsc msr pae mce cx8 apic sep mtrr pge mca cmov pat pse36 clflush dts acpi mmx fxsr sse sse2 ss ht tm pbe syscall nx rdtscp lm constant_tsc arch_perfmon pebs bts rep_good nopl xtopology nonstop_tsc aperfmperf pni dtes64 monitor ds_cpl vmx smx est tm2 ssse3 cx16 xtpr pdcm sse4_1 sse4_2 popcnt lahf_lm tpr_shadow vnmi flexpriority ept vpid dtherm ida
bugs		:
bogomips	: 5333.65
clflush size	: 64
cache_alignment	: 64
address sizes	: 36 bits physical, 48 bits virtual
power management:



Memory: 4k page, physical 8165252k(188644k free), swap 1998844k(968k free)

vm_info: OpenJDK 64-Bit Server VM (25.111-b14) for linux-amd64 JRE (1.8.0_111-8u111-b14-2ubuntu0.16.04.2-b14), built on Oct 27 2016 18:10:19 by "buildd" with gcc 5.4.0 20160609

time: Thu Feb  2 16:49:50 2017
elapsed time: 0 seconds (0d 0h 0m 0s)

